<?xml version="1.0" encoding="UTF-8"?>
<coverage generated="1650526463435" clover="3.2.0">
  <project timestamp="1650526463435" name="All files">
    <metrics statements="140" coveredstatements="115" conditionals="95" coveredconditionals="61" methods="40" coveredmethods="36" elements="275" coveredelements="212" complexity="0" loc="140" ncloc="140" packages="4" files="8" classes="8"/>
    <package name="build.src">
      <metrics statements="71" coveredstatements="58" conditionals="41" coveredconditionals="26" methods="17" coveredmethods="15"/>
      <file name="cli.js" path="/home/cameron/dev/mryum-robot/build/src/cli.js">
        <metrics statements="29" coveredstatements="18" conditionals="21" coveredconditionals="9" methods="5" coveredmethods="3"/>
        <line num="2" count="1" type="stmt"/>
        <line num="3" count="1" type="stmt"/>
        <line num="4" count="1" type="stmt"/>
        <line num="5" count="8" type="cond" truecount="1" falsecount="1"/>
        <line num="6" count="1" type="stmt"/>
        <line num="8" count="4" type="stmt"/>
        <line num="9" count="4" type="cond" truecount="3" falsecount="0"/>
        <line num="11" count="1" type="stmt"/>
        <line num="18" count="1" type="stmt"/>
        <line num="20" count="6" type="stmt"/>
        <line num="21" count="9" type="stmt"/>
        <line num="22" count="9" type="cond" truecount="2" falsecount="0"/>
        <line num="23" count="1" type="stmt"/>
        <line num="24" count="8" type="cond" truecount="3" falsecount="1"/>
        <line num="25" count="0" type="stmt"/>
        <line num="27" count="5" type="stmt"/>
        <line num="29" count="1" type="stmt"/>
        <line num="31" count="1" type="stmt"/>
        <line num="36" count="0" type="cond" truecount="0" falsecount="6"/>
        <line num="38" count="0" type="cond" truecount="0" falsecount="4"/>
        <line num="40" count="0" type="stmt"/>
        <line num="41" count="0" type="stmt"/>
        <line num="43" count="0" type="stmt"/>
        <line num="44" count="0" type="stmt"/>
        <line num="46" count="0" type="stmt"/>
        <line num="47" count="0" type="stmt"/>
        <line num="49" count="0" type="stmt"/>
        <line num="51" count="0" type="stmt"/>
        <line num="54" count="1" type="stmt"/>
      </file>
      <file name="directions.js" path="/home/cameron/dev/mryum-robot/build/src/directions.js">
        <metrics statements="15" coveredstatements="15" conditionals="6" coveredconditionals="5" methods="6" coveredmethods="6"/>
        <line num="2" count="3" type="stmt"/>
        <line num="3" count="3" type="stmt"/>
        <line num="4" count="3" type="stmt"/>
        <line num="10" count="12" type="cond" truecount="1" falsecount="1"/>
        <line num="11" count="3" type="stmt"/>
        <line num="14" count="18" type="stmt"/>
        <line num="15" count="18" type="stmt"/>
        <line num="20" count="4" type="stmt"/>
        <line num="22" count="4" type="cond" truecount="2" falsecount="0"/>
        <line num="23" count="4" type="stmt"/>
        <line num="27" count="4" type="stmt"/>
        <line num="29" count="4" type="cond" truecount="2" falsecount="0"/>
        <line num="30" count="4" type="stmt"/>
        <line num="34" count="24" type="stmt"/>
        <line num="37" count="3" type="stmt"/>
      </file>
      <file name="robot.js" path="/home/cameron/dev/mryum-robot/build/src/robot.js">
        <metrics statements="27" coveredstatements="25" conditionals="14" coveredconditionals="12" methods="6" coveredmethods="6"/>
        <line num="2" count="3" type="stmt"/>
        <line num="3" count="3" type="stmt"/>
        <line num="4" count="3" type="stmt"/>
        <line num="5" count="3" type="stmt"/>
        <line num="10" count="19" type="stmt"/>
        <line num="13" count="18" type="stmt"/>
        <line num="14" count="18" type="stmt"/>
        <line num="15" count="18" type="stmt"/>
        <line num="16" count="18" type="stmt"/>
        <line num="17" count="18" type="stmt"/>
        <line num="20" count="9" type="cond" truecount="6" falsecount="0"/>
        <line num="21" count="3" type="stmt"/>
        <line num="22" count="6" type="stmt"/>
        <line num="24" count="6" type="cond" truecount="4" falsecount="0"/>
        <line num="25" count="2" type="stmt"/>
        <line num="27" count="4" type="stmt"/>
        <line num="28" count="4" type="stmt"/>
        <line num="31" count="4" type="cond" truecount="1" falsecount="1"/>
        <line num="32" count="0" type="stmt"/>
        <line num="33" count="4" type="stmt"/>
        <line num="34" count="4" type="stmt"/>
        <line num="37" count="4" type="cond" truecount="1" falsecount="1"/>
        <line num="38" count="0" type="stmt"/>
        <line num="39" count="4" type="stmt"/>
        <line num="40" count="4" type="stmt"/>
        <line num="43" count="19" type="stmt"/>
        <line num="46" count="3" type="stmt"/>
      </file>
    </package>
    <package name="build.src.utils">
      <metrics statements="10" coveredstatements="10" conditionals="4" coveredconditionals="3" methods="3" coveredmethods="3"/>
      <file name="validations.js" path="/home/cameron/dev/mryum-robot/build/src/utils/validations.js">
        <metrics statements="10" coveredstatements="10" conditionals="4" coveredconditionals="3" methods="3" coveredmethods="3"/>
        <line num="2" count="4" type="stmt"/>
        <line num="3" count="4" type="stmt"/>
        <line num="4" count="19" type="cond" truecount="2" falsecount="0"/>
        <line num="5" count="4" type="stmt"/>
        <line num="6" count="4" type="stmt"/>
        <line num="7" count="8" type="stmt"/>
        <line num="8" count="8" type="cond" truecount="1" falsecount="1"/>
        <line num="10" count="4" type="stmt"/>
        <line num="11" count="4" type="stmt"/>
        <line num="12" count="4" type="stmt"/>
      </file>
    </package>
    <package name="src">
      <metrics statements="54" coveredstatements="42" conditionals="46" coveredconditionals="29" methods="17" coveredmethods="15"/>
      <file name="cli-validations.ts" path="/home/cameron/dev/mryum-robot/src/cli-validations.ts">
        <metrics statements="25" coveredstatements="13" conditionals="26" coveredconditionals="13" methods="5" coveredmethods="3"/>
        <line num="5" count="4" type="cond" truecount="1" falsecount="1"/>
        <line num="7" count="1" type="stmt"/>
        <line num="9" count="2" type="stmt"/>
        <line num="11" count="2" type="cond" truecount="4" falsecount="1"/>
        <line num="13" count="2" type="cond" truecount="3" falsecount="0"/>
        <line num="16" count="1" type="stmt"/>
        <line num="26" count="1" type="stmt"/>
        <line num="29" count="6" type="stmt"/>
        <line num="31" count="7" type="stmt"/>
        <line num="33" count="7" type="cond" truecount="2" falsecount="0"/>
        <line num="35" count="6" type="cond" truecount="3" falsecount="1"/>
        <line num="39" count="5" type="stmt"/>
        <line num="43" count="1" type="stmt"/>
        <line num="50" count="0" type="cond" truecount="0" falsecount="6"/>
        <line num="54" count="0" type="stmt"/>
        <line num="56" count="0" type="cond" truecount="0" falsecount="4"/>
        <line num="57" count="0" type="stmt"/>
        <line num="59" count="0" type="stmt"/>
        <line num="60" count="0" type="stmt"/>
        <line num="62" count="0" type="stmt"/>
        <line num="63" count="0" type="stmt"/>
        <line num="65" count="0" type="stmt"/>
        <line num="66" count="0" type="stmt"/>
        <line num="68" count="0" type="stmt"/>
        <line num="70" count="0" type="stmt"/>
      </file>
      <file name="directions.ts" path="/home/cameron/dev/mryum-robot/src/directions.ts">
        <metrics statements="11" coveredstatements="11" conditionals="6" coveredconditionals="5" methods="6" coveredmethods="6"/>
        <line num="3" count="3" type="stmt"/>
        <line num="10" count="18" type="cond" truecount="1" falsecount="1"/>
        <line num="14" count="18" type="stmt"/>
        <line num="20" count="18" type="stmt"/>
        <line num="26" count="4" type="stmt"/>
        <line num="29" count="4" type="cond" truecount="2" falsecount="0"/>
        <line num="31" count="4" type="stmt"/>
        <line num="36" count="4" type="stmt"/>
        <line num="39" count="4" type="cond" truecount="2" falsecount="0"/>
        <line num="41" count="4" type="stmt"/>
        <line num="46" count="27" type="stmt"/>
      </file>
      <file name="robot.ts" path="/home/cameron/dev/mryum-robot/src/robot.ts">
        <metrics statements="18" coveredstatements="18" conditionals="14" coveredconditionals="11" methods="6" coveredmethods="6"/>
        <line num="12" count="19" type="stmt"/>
        <line num="18" count="18" type="stmt"/>
        <line num="20" count="18" type="stmt"/>
        <line num="21" count="18" type="stmt"/>
        <line num="22" count="18" type="stmt"/>
        <line num="24" count="18" type="stmt"/>
        <line num="29" count="9" type="cond" truecount="5" falsecount="1"/>
        <line num="31" count="9" type="stmt"/>
        <line num="35" count="9" type="cond" truecount="4" falsecount="0"/>
        <line num="38" count="5" type="stmt"/>
        <line num="40" count="5" type="stmt"/>
        <line num="45" count="4" type="cond" truecount="1" falsecount="1"/>
        <line num="47" count="4" type="stmt"/>
        <line num="49" count="4" type="stmt"/>
        <line num="54" count="4" type="cond" truecount="1" falsecount="1"/>
        <line num="56" count="4" type="stmt"/>
        <line num="58" count="4" type="stmt"/>
        <line num="62" count="19" type="stmt"/>
      </file>
    </package>
    <package name="src.utils">
      <metrics statements="5" coveredstatements="5" conditionals="4" coveredconditionals="3" methods="3" coveredmethods="3"/>
      <file name="validations.ts" path="/home/cameron/dev/mryum-robot/src/utils/validations.ts">
        <metrics statements="5" coveredstatements="5" conditionals="4" coveredconditionals="3" methods="3" coveredmethods="3"/>
        <line num="1" count="20" type="cond" truecount="2" falsecount="0"/>
        <line num="3" count="4" type="stmt"/>
        <line num="4" count="4" type="stmt"/>
        <line num="6" count="4" type="cond" truecount="1" falsecount="1"/>
        <line num="10" count="4" type="stmt"/>
      </file>
    </package>
  </project>
</coverage>
