{"/home/cameron/dev/mryum-robot/build/src/cli.js": {"path":"/home/cameron/dev/mryum-robot/build/src/cli.js","statementMap":{"0":{"start":{"line":2,"column":0},"end":{"line":2,"column":62}},"1":{"start":{"line":3,"column":0},"end":{"line":3,"column":62}},"2":{"start":{"line":4,"column":22},"end":{"line":4,"column":52}},"3":{"start":{"line":5,"column":32},"end":{"line":5,"column":122}},"4":{"start":{"line":5,"column":39},"end":{"line":5,"column":122}},"5":{"start":{"line":6,"column":38},"end":{"line":10,"column":1}},"6":{"start":{"line":8,"column":25},"end":{"line":8,"column":30}},"7":{"start":{"line":9,"column":4},"end":{"line":9,"column":111}},"8":{"start":{"line":11,"column":25},"end":{"line":17,"column":2}},"9":{"start":{"line":18,"column":24},"end":{"line":28,"column":1}},"10":{"start":{"line":20,"column":4},"end":{"line":26,"column":5}},"11":{"start":{"line":20,"column":17},"end":{"line":20,"column":18}},"12":{"start":{"line":21,"column":18},"end":{"line":21,"column":48}},"13":{"start":{"line":22,"column":8},"end":{"line":23,"column":25}},"14":{"start":{"line":23,"column":12},"end":{"line":23,"column":25}},"15":{"start":{"line":24,"column":8},"end":{"line":25,"column":25}},"16":{"start":{"line":25,"column":12},"end":{"line":25,"column":25}},"17":{"start":{"line":27,"column":4},"end":{"line":27,"column":16}},"18":{"start":{"line":29,"column":0},"end":{"line":29,"column":42}},"19":{"start":{"line":31,"column":27},"end":{"line":53,"column":1}},"20":{"start":{"line":31,"column":38},"end":{"line":53,"column":1}},"21":{"start":{"line":36,"column":4},"end":{"line":52,"column":5}},"22":{"start":{"line":38,"column":12},"end":{"line":38,"column":150}},"23":{"start":{"line":40,"column":12},"end":{"line":40,"column":25}},"24":{"start":{"line":41,"column":12},"end":{"line":41,"column":19}},"25":{"start":{"line":43,"column":12},"end":{"line":43,"column":25}},"26":{"start":{"line":44,"column":12},"end":{"line":44,"column":19}},"27":{"start":{"line":46,"column":12},"end":{"line":46,"column":26}},"28":{"start":{"line":47,"column":12},"end":{"line":47,"column":18}},"29":{"start":{"line":49,"column":12},"end":{"line":49,"column":34}},"30":{"start":{"line":51,"column":12},"end":{"line":51,"column":18}},"31":{"start":{"line":54,"column":0},"end":{"line":54,"column":48}}},"fnMap":{"0":{"name":"(anonymous_0)","decl":{"start":{"line":5,"column":32},"end":{"line":5,"column":33}},"loc":{"start":{"line":5,"column":39},"end":{"line":5,"column":122}},"line":5},"1":{"name":"(anonymous_1)","decl":{"start":{"line":6,"column":38},"end":{"line":6,"column":39}},"loc":{"start":{"line":6,"column":49},"end":{"line":10,"column":1}},"line":6},"2":{"name":"(anonymous_2)","decl":{"start":{"line":18,"column":24},"end":{"line":18,"column":25}},"loc":{"start":{"line":18,"column":35},"end":{"line":28,"column":1}},"line":18},"3":{"name":"(anonymous_3)","decl":{"start":{"line":31,"column":27},"end":{"line":31,"column":28}},"loc":{"start":{"line":31,"column":38},"end":{"line":53,"column":1}},"line":31},"4":{"name":"(anonymous_4)","decl":{"start":{"line":31,"column":38},"end":{"line":31,"column":39}},"loc":{"start":{"line":31,"column":49},"end":{"line":53,"column":1}},"line":31}},"branchMap":{"0":{"loc":{"start":{"line":5,"column":72},"end":{"line":5,"column":121}},"type":"binary-expr","locations":[{"start":{"line":5,"column":72},"end":{"line":5,"column":115}},{"start":{"line":5,"column":119},"end":{"line":5,"column":121}}],"line":5},"1":{"loc":{"start":{"line":9,"column":11},"end":{"line":9,"column":110}},"type":"binary-expr","locations":[{"start":{"line":9,"column":11},"end":{"line":9,"column":37}},{"start":{"line":9,"column":41},"end":{"line":9,"column":67}},{"start":{"line":9,"column":71},"end":{"line":9,"column":110}}],"line":9},"2":{"loc":{"start":{"line":22,"column":8},"end":{"line":23,"column":25}},"type":"if","locations":[{"start":{"line":22,"column":8},"end":{"line":23,"column":25}},{"start":{},"end":{}}],"line":22},"3":{"loc":{"start":{"line":24,"column":8},"end":{"line":25,"column":25}},"type":"if","locations":[{"start":{"line":24,"column":8},"end":{"line":25,"column":25}},{"start":{},"end":{}}],"line":24},"4":{"loc":{"start":{"line":24,"column":14},"end":{"line":24,"column":52}},"type":"cond-expr","locations":[{"start":{"line":24,"column":40},"end":{"line":24,"column":48}},{"start":{"line":24,"column":51},"end":{"line":24,"column":52}}],"line":24},"5":{"loc":{"start":{"line":36,"column":4},"end":{"line":52,"column":5}},"type":"switch","locations":[{"start":{"line":37,"column":8},"end":{"line":38,"column":150}},{"start":{"line":39,"column":8},"end":{"line":41,"column":19}},{"start":{"line":42,"column":8},"end":{"line":44,"column":19}},{"start":{"line":45,"column":8},"end":{"line":47,"column":18}},{"start":{"line":48,"column":8},"end":{"line":49,"column":34}},{"start":{"line":50,"column":8},"end":{"line":51,"column":18}}],"line":36},"6":{"loc":{"start":{"line":38,"column":24},"end":{"line":38,"column":80}},"type":"binary-expr","locations":[{"start":{"line":38,"column":24},"end":{"line":38,"column":74}},{"start":{"line":38,"column":78},"end":{"line":38,"column":80}}],"line":38},"7":{"loc":{"start":{"line":38,"column":82},"end":{"line":38,"column":138}},"type":"binary-expr","locations":[{"start":{"line":38,"column":82},"end":{"line":38,"column":132}},{"start":{"line":38,"column":136},"end":{"line":38,"column":138}}],"line":38}},"s":{"0":1,"1":1,"2":1,"3":1,"4":8,"5":1,"6":4,"7":4,"8":1,"9":1,"10":6,"11":6,"12":9,"13":9,"14":1,"15":8,"16":0,"17":5,"18":1,"19":1,"20":0,"21":0,"22":0,"23":0,"24":0,"25":0,"26":0,"27":0,"28":0,"29":0,"30":0,"31":1},"f":{"0":8,"1":4,"2":6,"3":0,"4":0},"b":{"0":[8,0],"1":[4,4,4],"2":[1,8],"3":[0,8],"4":[4,4],"5":[0,0,0,0,0,0],"6":[0,0],"7":[0,0]},"_coverageSchema":"1a1c01bbd47fc00a2c39e90264f33305004495a9","hash":"a4e3c9f33372b12a58eb4ad509a763116094a2ac"}
,"/home/cameron/dev/mryum-robot/build/src/directions.js": {"path":"/home/cameron/dev/mryum-robot/build/src/directions.js","statementMap":{"0":{"start":{"line":2,"column":0},"end":{"line":2,"column":62}},"1":{"start":{"line":3,"column":0},"end":{"line":3,"column":87}},"2":{"start":{"line":4,"column":0},"end":{"line":9,"column":3}},"3":{"start":{"line":10,"column":27},"end":{"line":10,"column":104}},"4":{"start":{"line":10,"column":40},"end":{"line":10,"column":104}},"5":{"start":{"line":10,"column":88},"end":{"line":10,"column":97}},"6":{"start":{"line":11,"column":0},"end":{"line":11,"column":48}},"7":{"start":{"line":14,"column":8},"end":{"line":14,"column":62}},"8":{"start":{"line":15,"column":8},"end":{"line":15,"column":69}},"9":{"start":{"line":20,"column":20},"end":{"line":20,"column":46}},"10":{"start":{"line":22,"column":8},"end":{"line":22,"column":65}},"11":{"start":{"line":23,"column":8},"end":{"line":23,"column":20}},"12":{"start":{"line":27,"column":20},"end":{"line":27,"column":46}},"13":{"start":{"line":29,"column":8},"end":{"line":29,"column":91}},"14":{"start":{"line":30,"column":8},"end":{"line":30,"column":20}},"15":{"start":{"line":34,"column":8},"end":{"line":34,"column":56}},"16":{"start":{"line":37,"column":0},"end":{"line":37,"column":40}}},"fnMap":{"0":{"name":"(anonymous_0)","decl":{"start":{"line":10,"column":27},"end":{"line":10,"column":28}},"loc":{"start":{"line":10,"column":40},"end":{"line":10,"column":104}},"line":10},"1":{"name":"(anonymous_1)","decl":{"start":{"line":10,"column":78},"end":{"line":10,"column":79}},"loc":{"start":{"line":10,"column":88},"end":{"line":10,"column":97}},"line":10},"2":{"name":"(anonymous_2)","decl":{"start":{"line":13,"column":4},"end":{"line":13,"column":5}},"loc":{"start":{"line":13,"column":27},"end":{"line":16,"column":5}},"line":13},"3":{"name":"(anonymous_3)","decl":{"start":{"line":19,"column":4},"end":{"line":19,"column":5}},"loc":{"start":{"line":19,"column":16},"end":{"line":24,"column":5}},"line":19},"4":{"name":"(anonymous_4)","decl":{"start":{"line":26,"column":4},"end":{"line":26,"column":5}},"loc":{"start":{"line":26,"column":15},"end":{"line":31,"column":5}},"line":26},"5":{"name":"(anonymous_5)","decl":{"start":{"line":33,"column":4},"end":{"line":33,"column":5}},"loc":{"start":{"line":33,"column":19},"end":{"line":35,"column":5}},"line":33}},"branchMap":{"0":{"loc":{"start":{"line":10,"column":40},"end":{"line":10,"column":104}},"type":"binary-expr","locations":[{"start":{"line":10,"column":40},"end":{"line":10,"column":98}},{"start":{"line":10,"column":102},"end":{"line":10,"column":104}}],"line":10},"1":{"loc":{"start":{"line":22,"column":33},"end":{"line":22,"column":64}},"type":"cond-expr","locations":[{"start":{"line":22,"column":57},"end":{"line":22,"column":60}},{"start":{"line":22,"column":63},"end":{"line":22,"column":64}}],"line":22},"2":{"loc":{"start":{"line":29,"column":33},"end":{"line":29,"column":90}},"type":"cond-expr","locations":[{"start":{"line":29,"column":57},"end":{"line":29,"column":60}},{"start":{"line":29,"column":63},"end":{"line":29,"column":90}}],"line":29}},"s":{"0":3,"1":3,"2":3,"3":3,"4":6,"5":12,"6":3,"7":18,"8":18,"9":4,"10":4,"11":4,"12":4,"13":4,"14":4,"15":24,"16":3},"f":{"0":6,"1":12,"2":18,"3":4,"4":4,"5":24},"b":{"0":[6,0],"1":[3,1],"2":[3,1]},"_coverageSchema":"1a1c01bbd47fc00a2c39e90264f33305004495a9","hash":"224fd076f4da684df6b9647d103477b2a82507e8"}
,"/home/cameron/dev/mryum-robot/build/src/robot.js": {"path":"/home/cameron/dev/mryum-robot/build/src/robot.js","statementMap":{"0":{"start":{"line":2,"column":0},"end":{"line":2,"column":62}},"1":{"start":{"line":3,"column":0},"end":{"line":3,"column":28}},"2":{"start":{"line":4,"column":21},"end":{"line":4,"column":44}},"3":{"start":{"line":5,"column":22},"end":{"line":5,"column":52}},"4":{"start":{"line":10,"column":8},"end":{"line":10,"column":40}},"5":{"start":{"line":13,"column":8},"end":{"line":13,"column":39}},"6":{"start":{"line":14,"column":8},"end":{"line":14,"column":20}},"7":{"start":{"line":15,"column":8},"end":{"line":15,"column":20}},"8":{"start":{"line":16,"column":8},"end":{"line":16,"column":53}},"9":{"start":{"line":17,"column":8},"end":{"line":17,"column":20}},"10":{"start":{"line":20,"column":8},"end":{"line":21,"column":24}},"11":{"start":{"line":21,"column":12},"end":{"line":21,"column":24}},"12":{"start":{"line":22,"column":29},"end":{"line":22,"column":110}},"13":{"start":{"line":24,"column":8},"end":{"line":25,"column":24}},"14":{"start":{"line":25,"column":12},"end":{"line":25,"column":24}},"15":{"start":{"line":27,"column":8},"end":{"line":27,"column":39}},"16":{"start":{"line":28,"column":8},"end":{"line":28,"column":20}},"17":{"start":{"line":31,"column":8},"end":{"line":32,"column":24}},"18":{"start":{"line":32,"column":12},"end":{"line":32,"column":24}},"19":{"start":{"line":33,"column":8},"end":{"line":33,"column":29}},"20":{"start":{"line":34,"column":8},"end":{"line":34,"column":20}},"21":{"start":{"line":37,"column":8},"end":{"line":38,"column":24}},"22":{"start":{"line":38,"column":12},"end":{"line":38,"column":24}},"23":{"start":{"line":39,"column":8},"end":{"line":39,"column":28}},"24":{"start":{"line":40,"column":8},"end":{"line":40,"column":20}},"25":{"start":{"line":43,"column":8},"end":{"line":43,"column":68}},"26":{"start":{"line":46,"column":0},"end":{"line":46,"column":32}}},"fnMap":{"0":{"name":"(anonymous_0)","decl":{"start":{"line":7,"column":4},"end":{"line":7,"column":5}},"loc":{"start":{"line":7,"column":18},"end":{"line":11,"column":5}},"line":7},"1":{"name":"(anonymous_1)","decl":{"start":{"line":12,"column":4},"end":{"line":12,"column":5}},"loc":{"start":{"line":12,"column":19},"end":{"line":18,"column":5}},"line":12},"2":{"name":"(anonymous_2)","decl":{"start":{"line":19,"column":4},"end":{"line":19,"column":5}},"loc":{"start":{"line":19,"column":11},"end":{"line":29,"column":5}},"line":19},"3":{"name":"(anonymous_3)","decl":{"start":{"line":30,"column":4},"end":{"line":30,"column":5}},"loc":{"start":{"line":30,"column":12},"end":{"line":35,"column":5}},"line":30},"4":{"name":"(anonymous_4)","decl":{"start":{"line":36,"column":4},"end":{"line":36,"column":5}},"loc":{"start":{"line":36,"column":11},"end":{"line":41,"column":5}},"line":36},"5":{"name":"(anonymous_5)","decl":{"start":{"line":42,"column":4},"end":{"line":42,"column":5}},"loc":{"start":{"line":42,"column":13},"end":{"line":44,"column":5}},"line":42}},"branchMap":{"0":{"loc":{"start":{"line":20,"column":8},"end":{"line":21,"column":24}},"type":"if","locations":[{"start":{"line":20,"column":8},"end":{"line":21,"column":24}},{"start":{},"end":{}}],"line":20},"1":{"loc":{"start":{"line":20,"column":12},"end":{"line":20,"column":72}},"type":"binary-expr","locations":[{"start":{"line":20,"column":12},"end":{"line":20,"column":36}},{"start":{"line":20,"column":40},"end":{"line":20,"column":48}},{"start":{"line":20,"column":52},"end":{"line":20,"column":60}},{"start":{"line":20,"column":64},"end":{"line":20,"column":72}}],"line":20},"2":{"loc":{"start":{"line":24,"column":8},"end":{"line":25,"column":24}},"type":"if","locations":[{"start":{"line":24,"column":8},"end":{"line":25,"column":24}},{"start":{},"end":{}}],"line":24},"3":{"loc":{"start":{"line":24,"column":12},"end":{"line":24,"column":94}},"type":"binary-expr","locations":[{"start":{"line":24,"column":12},"end":{"line":24,"column":51}},{"start":{"line":24,"column":55},"end":{"line":24,"column":94}}],"line":24},"4":{"loc":{"start":{"line":31,"column":8},"end":{"line":32,"column":24}},"type":"if","locations":[{"start":{"line":31,"column":8},"end":{"line":32,"column":24}},{"start":{},"end":{}}],"line":31},"5":{"loc":{"start":{"line":37,"column":8},"end":{"line":38,"column":24}},"type":"if","locations":[{"start":{"line":37,"column":8},"end":{"line":38,"column":24}},{"start":{},"end":{}}],"line":37}},"s":{"0":3,"1":3,"2":3,"3":3,"4":19,"5":18,"6":18,"7":18,"8":18,"9":18,"10":9,"11":3,"12":6,"13":6,"14":2,"15":4,"16":4,"17":4,"18":0,"19":4,"20":4,"21":4,"22":0,"23":4,"24":4,"25":19,"26":3},"f":{"0":19,"1":18,"2":9,"3":4,"4":4,"5":19},"b":{"0":[3,6],"1":[9,9,6,6],"2":[2,4],"3":[6,5],"4":[0,4],"5":[0,4]},"_coverageSchema":"1a1c01bbd47fc00a2c39e90264f33305004495a9","hash":"36f0a17570c266f1729cf4c2d20e167d69d4b280"}
,"/home/cameron/dev/mryum-robot/build/src/utils/validations.js": {"path":"/home/cameron/dev/mryum-robot/build/src/utils/validations.js","statementMap":{"0":{"start":{"line":2,"column":0},"end":{"line":2,"column":62}},"1":{"start":{"line":3,"column":0},"end":{"line":3,"column":91}},"2":{"start":{"line":4,"column":22},"end":{"line":4,"column":57}},"3":{"start":{"line":4,"column":33},"end":{"line":4,"column":57}},"4":{"start":{"line":5,"column":0},"end":{"line":5,"column":38}},"5":{"start":{"line":6,"column":30},"end":{"line":9,"column":1}},"6":{"start":{"line":7,"column":16},"end":{"line":7,"column":36}},"7":{"start":{"line":8,"column":4},"end":{"line":8,"column":47}},"8":{"start":{"line":10,"column":0},"end":{"line":10,"column":54}},"9":{"start":{"line":11,"column":26},"end":{"line":11,"column":83}},"10":{"start":{"line":11,"column":35},"end":{"line":11,"column":83}},"11":{"start":{"line":12,"column":0},"end":{"line":12,"column":46}}},"fnMap":{"0":{"name":"(anonymous_0)","decl":{"start":{"line":4,"column":22},"end":{"line":4,"column":23}},"loc":{"start":{"line":4,"column":33},"end":{"line":4,"column":57}},"line":4},"1":{"name":"(anonymous_1)","decl":{"start":{"line":6,"column":30},"end":{"line":6,"column":31}},"loc":{"start":{"line":6,"column":39},"end":{"line":9,"column":1}},"line":6},"2":{"name":"(anonymous_2)","decl":{"start":{"line":11,"column":26},"end":{"line":11,"column":27}},"loc":{"start":{"line":11,"column":35},"end":{"line":11,"column":83}},"line":11}},"branchMap":{"0":{"loc":{"start":{"line":4,"column":33},"end":{"line":4,"column":57}},"type":"binary-expr","locations":[{"start":{"line":4,"column":33},"end":{"line":4,"column":43}},{"start":{"line":4,"column":47},"end":{"line":4,"column":57}}],"line":4},"1":{"loc":{"start":{"line":8,"column":11},"end":{"line":8,"column":46}},"type":"cond-expr","locations":[{"start":{"line":8,"column":31},"end":{"line":8,"column":40}},{"start":{"line":8,"column":43},"end":{"line":8,"column":46}}],"line":8}},"s":{"0":4,"1":4,"2":4,"3":19,"4":4,"5":4,"6":8,"7":8,"8":4,"9":4,"10":4,"11":4},"f":{"0":19,"1":8,"2":4},"b":{"0":[19,17],"1":[0,8]},"_coverageSchema":"1a1c01bbd47fc00a2c39e90264f33305004495a9","hash":"4d42fd5623d3aa5880cef3a29040af9a5c83f732"}
,"/home/cameron/dev/mryum-robot/src/cli-validations.ts": {"path":"/home/cameron/dev/mryum-robot/src/cli-validations.ts","statementMap":{"0":{"start":{"line":5,"column":32},"end":{"line":5,"column":102}},"1":{"start":{"line":5,"column":57},"end":{"line":5,"column":102}},"2":{"start":{"line":7,"column":38},"end":{"line":14,"column":1}},"3":{"start":{"line":9,"column":22},"end":{"line":9,"column":41}},"4":{"start":{"line":11,"column":4},"end":{"line":11,"column":36}},"5":{"start":{"line":11,"column":23},"end":{"line":11,"column":36}},"6":{"start":{"line":13,"column":4},"end":{"line":13,"column":112}},"7":{"start":{"line":16,"column":25},"end":{"line":22,"column":2}},"8":{"start":{"line":26,"column":31},"end":{"line":40,"column":1}},"9":{"start":{"line":29,"column":4},"end":{"line":37,"column":5}},"10":{"start":{"line":29,"column":16},"end":{"line":29,"column":17}},"11":{"start":{"line":31,"column":18},"end":{"line":31,"column":48}},"12":{"start":{"line":33,"column":8},"end":{"line":33,"column":28}},"13":{"start":{"line":33,"column":15},"end":{"line":33,"column":28}},"14":{"start":{"line":35,"column":8},"end":{"line":35,"column":67}},"15":{"start":{"line":35,"column":54},"end":{"line":35,"column":67}},"16":{"start":{"line":39,"column":4},"end":{"line":39,"column":16}},"17":{"start":{"line":43,"column":34},"end":{"line":73,"column":1}},"18":{"start":{"line":43,"column":57},"end":{"line":73,"column":1}},"19":{"start":{"line":50,"column":4},"end":{"line":72,"column":5}},"20":{"start":{"line":54,"column":30},"end":{"line":54,"column":49}},"21":{"start":{"line":56,"column":12},"end":{"line":56,"column":126}},"22":{"start":{"line":57,"column":12},"end":{"line":57,"column":18}},"23":{"start":{"line":59,"column":12},"end":{"line":59,"column":25}},"24":{"start":{"line":60,"column":12},"end":{"line":60,"column":19}},"25":{"start":{"line":62,"column":12},"end":{"line":62,"column":25}},"26":{"start":{"line":63,"column":12},"end":{"line":63,"column":19}},"27":{"start":{"line":65,"column":12},"end":{"line":65,"column":26}},"28":{"start":{"line":66,"column":12},"end":{"line":66,"column":18}},"29":{"start":{"line":68,"column":12},"end":{"line":68,"column":34}},"30":{"start":{"line":70,"column":12},"end":{"line":70,"column":18}}},"fnMap":{"0":{"name":"(anonymous_0)","decl":{"start":{"line":5,"column":32},"end":{"line":5,"column":33}},"loc":{"start":{"line":5,"column":57},"end":{"line":5,"column":102}},"line":5},"1":{"name":"(anonymous_1)","decl":{"start":{"line":7,"column":38},"end":{"line":7,"column":39}},"loc":{"start":{"line":7,"column":73},"end":{"line":14,"column":1}},"line":7},"2":{"name":"(anonymous_2)","decl":{"start":{"line":26,"column":31},"end":{"line":26,"column":32}},"loc":{"start":{"line":26,"column":66},"end":{"line":40,"column":1}},"line":26},"3":{"name":"(anonymous_3)","decl":{"start":{"line":43,"column":34},"end":{"line":43,"column":35}},"loc":{"start":{"line":43,"column":57},"end":{"line":73,"column":1}},"line":43},"4":{"name":"(anonymous_4)","decl":{"start":{"line":43,"column":57},"end":{"line":43,"column":58}},"loc":{"start":{"line":43,"column":83},"end":{"line":73,"column":1}},"line":43}},"branchMap":{"0":{"loc":{"start":{"line":5,"column":71},"end":{"line":5,"column":101}},"type":"binary-expr","locations":[{"start":{"line":5,"column":71},"end":{"line":5,"column":95}},{"start":{"line":5,"column":99},"end":{"line":5,"column":101}}],"line":5},"1":{"loc":{"start":{"line":11,"column":4},"end":{"line":11,"column":36}},"type":"if","locations":[{"start":{"line":11,"column":4},"end":{"line":11,"column":36}},{"start":{},"end":{}}],"line":11},"2":{"loc":{"start":{"line":11,"column":7},"end":{"line":11,"column":21}},"type":"binary-expr","locations":[{"start":{"line":11,"column":7},"end":{"line":11,"column":9}},{"start":{"line":11,"column":13},"end":{"line":11,"column":15}},{"start":{"line":11,"column":19},"end":{"line":11,"column":21}}],"line":11},"3":{"loc":{"start":{"line":13,"column":11},"end":{"line":13,"column":112}},"type":"binary-expr","locations":[{"start":{"line":13,"column":11},"end":{"line":13,"column":44}},{"start":{"line":13,"column":48},"end":{"line":13,"column":81}},{"start":{"line":13,"column":85},"end":{"line":13,"column":112}}],"line":13},"4":{"loc":{"start":{"line":33,"column":8},"end":{"line":33,"column":28}},"type":"if","locations":[{"start":{"line":33,"column":8},"end":{"line":33,"column":28}},{"start":{},"end":{}}],"line":33},"5":{"loc":{"start":{"line":35,"column":8},"end":{"line":35,"column":67}},"type":"if","locations":[{"start":{"line":35,"column":8},"end":{"line":35,"column":67}},{"start":{},"end":{}}],"line":35},"6":{"loc":{"start":{"line":35,"column":13},"end":{"line":35,"column":51}},"type":"cond-expr","locations":[{"start":{"line":35,"column":39},"end":{"line":35,"column":47}},{"start":{"line":35,"column":50},"end":{"line":35,"column":51}}],"line":35},"7":{"loc":{"start":{"line":50,"column":4},"end":{"line":72,"column":5}},"type":"switch","locations":[{"start":{"line":52,"column":8},"end":{"line":57,"column":18}},{"start":{"line":58,"column":8},"end":{"line":60,"column":19}},{"start":{"line":61,"column":8},"end":{"line":63,"column":19}},{"start":{"line":64,"column":8},"end":{"line":66,"column":18}},{"start":{"line":67,"column":8},"end":{"line":68,"column":34}},{"start":{"line":69,"column":8},"end":{"line":70,"column":18}}],"line":50},"8":{"loc":{"start":{"line":56,"column":24},"end":{"line":56,"column":61}},"type":"binary-expr","locations":[{"start":{"line":56,"column":24},"end":{"line":56,"column":55}},{"start":{"line":56,"column":59},"end":{"line":56,"column":61}}],"line":56},"9":{"loc":{"start":{"line":56,"column":63},"end":{"line":56,"column":100}},"type":"binary-expr","locations":[{"start":{"line":56,"column":63},"end":{"line":56,"column":94}},{"start":{"line":56,"column":98},"end":{"line":56,"column":100}}],"line":56}},"s":{"0":1,"1":4,"2":1,"3":2,"4":2,"5":0,"6":2,"7":1,"8":1,"9":6,"10":6,"11":7,"12":7,"13":1,"14":6,"15":0,"16":5,"17":1,"18":0,"19":0,"20":0,"21":0,"22":0,"23":0,"24":0,"25":0,"26":0,"27":0,"28":0,"29":0,"30":0},"f":{"0":4,"1":2,"2":6,"3":0,"4":0},"b":{"0":[4,0],"1":[0,2],"2":[2,2,2],"3":[2,2,2],"4":[1,6],"5":[0,6],"6":[2,4],"7":[0,0,0,0,0,0],"8":[0,0],"9":[0,0]},"_coverageSchema":"1a1c01bbd47fc00a2c39e90264f33305004495a9","hash":"10f56aec6fbb45dec071ba468a2b134b3123481b"}
,"/home/cameron/dev/mryum-robot/src/directions.ts": {"path":"/home/cameron/dev/mryum-robot/src/directions.ts","statementMap":{"0":{"start":{"line":3,"column":31},"end":{"line":8,"column":2}},"1":{"start":{"line":10,"column":34},"end":{"line":10,"column":149}},"2":{"start":{"line":10,"column":93},"end":{"line":10,"column":149}},"3":{"start":{"line":10,"column":133},"end":{"line":10,"column":142}},"4":{"start":{"line":14,"column":44},"end":{"line":14,"column":78}},"5":{"start":{"line":20,"column":8},"end":{"line":20,"column":69}},"6":{"start":{"line":26,"column":20},"end":{"line":26,"column":46}},"7":{"start":{"line":29,"column":8},"end":{"line":29,"column":65}},"8":{"start":{"line":31,"column":8},"end":{"line":31,"column":20}},"9":{"start":{"line":36,"column":20},"end":{"line":36,"column":46}},"10":{"start":{"line":39,"column":8},"end":{"line":39,"column":91}},"11":{"start":{"line":41,"column":8},"end":{"line":41,"column":20}},"12":{"start":{"line":46,"column":8},"end":{"line":46,"column":56}}},"fnMap":{"0":{"name":"(anonymous_0)","decl":{"start":{"line":10,"column":34},"end":{"line":10,"column":35}},"loc":{"start":{"line":10,"column":93},"end":{"line":10,"column":149}},"line":10},"1":{"name":"(anonymous_1)","decl":{"start":{"line":10,"column":123},"end":{"line":10,"column":124}},"loc":{"start":{"line":10,"column":133},"end":{"line":10,"column":142}},"line":10},"2":{"name":"(anonymous_2)","decl":{"start":{"line":19,"column":4},"end":{"line":19,"column":5}},"loc":{"start":{"line":19,"column":38},"end":{"line":21,"column":5}},"line":19},"3":{"name":"(anonymous_3)","decl":{"start":{"line":25,"column":4},"end":{"line":25,"column":5}},"loc":{"start":{"line":25,"column":32},"end":{"line":32,"column":5}},"line":25},"4":{"name":"(anonymous_4)","decl":{"start":{"line":35,"column":4},"end":{"line":35,"column":5}},"loc":{"start":{"line":35,"column":31},"end":{"line":42,"column":5}},"line":35},"5":{"name":"(anonymous_5)","decl":{"start":{"line":45,"column":4},"end":{"line":45,"column":5}},"loc":{"start":{"line":45,"column":30},"end":{"line":47,"column":5}},"line":45}},"branchMap":{"0":{"loc":{"start":{"line":10,"column":93},"end":{"line":10,"column":149}},"type":"binary-expr","locations":[{"start":{"line":10,"column":93},"end":{"line":10,"column":143}},{"start":{"line":10,"column":147},"end":{"line":10,"column":149}}],"line":10},"1":{"loc":{"start":{"line":29,"column":33},"end":{"line":29,"column":64}},"type":"cond-expr","locations":[{"start":{"line":29,"column":57},"end":{"line":29,"column":60}},{"start":{"line":29,"column":63},"end":{"line":29,"column":64}}],"line":29},"2":{"loc":{"start":{"line":39,"column":33},"end":{"line":39,"column":90}},"type":"cond-expr","locations":[{"start":{"line":39,"column":57},"end":{"line":39,"column":60}},{"start":{"line":39,"column":63},"end":{"line":39,"column":90}}],"line":39}},"s":{"0":3,"1":3,"2":9,"3":18,"4":18,"5":18,"6":4,"7":4,"8":4,"9":4,"10":4,"11":4,"12":27},"f":{"0":9,"1":18,"2":18,"3":4,"4":4,"5":27},"b":{"0":[9,0],"1":[3,1],"2":[3,1]},"_coverageSchema":"1a1c01bbd47fc00a2c39e90264f33305004495a9","hash":"e278b52f5bd8b67f3590f234aef83875d0a1b6f6"}
,"/home/cameron/dev/mryum-robot/src/robot.ts": {"path":"/home/cameron/dev/mryum-robot/src/robot.ts","statementMap":{"0":{"start":{"line":12,"column":34},"end":{"line":12,"column":39}},"1":{"start":{"line":18,"column":8},"end":{"line":18,"column":39}},"2":{"start":{"line":20,"column":8},"end":{"line":20,"column":20}},"3":{"start":{"line":21,"column":8},"end":{"line":21,"column":20}},"4":{"start":{"line":22,"column":8},"end":{"line":22,"column":40}},"5":{"start":{"line":24,"column":8},"end":{"line":24,"column":20}},"6":{"start":{"line":29,"column":8},"end":{"line":29,"column":124}},"7":{"start":{"line":29,"column":112},"end":{"line":29,"column":124}},"8":{"start":{"line":31,"column":29},"end":{"line":31,"column":91}},"9":{"start":{"line":35,"column":8},"end":{"line":35,"column":69}},"10":{"start":{"line":35,"column":57},"end":{"line":35,"column":69}},"11":{"start":{"line":38,"column":8},"end":{"line":38,"column":39}},"12":{"start":{"line":40,"column":8},"end":{"line":40,"column":20}},"13":{"start":{"line":45,"column":8},"end":{"line":45,"column":49}},"14":{"start":{"line":45,"column":37},"end":{"line":45,"column":49}},"15":{"start":{"line":47,"column":8},"end":{"line":47,"column":29}},"16":{"start":{"line":49,"column":8},"end":{"line":49,"column":20}},"17":{"start":{"line":54,"column":8},"end":{"line":54,"column":49}},"18":{"start":{"line":54,"column":37},"end":{"line":54,"column":49}},"19":{"start":{"line":56,"column":8},"end":{"line":56,"column":28}},"20":{"start":{"line":58,"column":8},"end":{"line":58,"column":20}},"21":{"start":{"line":62,"column":8},"end":{"line":62,"column":67}}},"fnMap":{"0":{"name":"(anonymous_0)","decl":{"start":{"line":14,"column":4},"end":{"line":14,"column":5}},"loc":{"start":{"line":14,"column":18},"end":{"line":14,"column":21}},"line":14},"1":{"name":"(anonymous_1)","decl":{"start":{"line":16,"column":4},"end":{"line":16,"column":5}},"loc":{"start":{"line":16,"column":58},"end":{"line":25,"column":5}},"line":16},"2":{"name":"(anonymous_2)","decl":{"start":{"line":27,"column":4},"end":{"line":27,"column":5}},"loc":{"start":{"line":27,"column":23},"end":{"line":41,"column":5}},"line":27},"3":{"name":"(anonymous_3)","decl":{"start":{"line":43,"column":4},"end":{"line":43,"column":5}},"loc":{"start":{"line":43,"column":24},"end":{"line":50,"column":5}},"line":43},"4":{"name":"(anonymous_4)","decl":{"start":{"line":52,"column":4},"end":{"line":52,"column":5}},"loc":{"start":{"line":52,"column":23},"end":{"line":59,"column":5}},"line":52},"5":{"name":"(anonymous_5)","decl":{"start":{"line":61,"column":4},"end":{"line":61,"column":5}},"loc":{"start":{"line":61,"column":21},"end":{"line":63,"column":5}},"line":61}},"branchMap":{"0":{"loc":{"start":{"line":29,"column":8},"end":{"line":29,"column":124}},"type":"if","locations":[{"start":{"line":29,"column":8},"end":{"line":29,"column":124}},{"start":{},"end":{}}],"line":29},"1":{"loc":{"start":{"line":29,"column":11},"end":{"line":29,"column":110}},"type":"binary-expr","locations":[{"start":{"line":29,"column":11},"end":{"line":29,"column":35}},{"start":{"line":29,"column":39},"end":{"line":29,"column":60}},{"start":{"line":29,"column":64},"end":{"line":29,"column":85}},{"start":{"line":29,"column":89},"end":{"line":29,"column":110}}],"line":29},"2":{"loc":{"start":{"line":35,"column":8},"end":{"line":35,"column":69}},"type":"if","locations":[{"start":{"line":35,"column":8},"end":{"line":35,"column":69}},{"start":{},"end":{}}],"line":35},"3":{"loc":{"start":{"line":35,"column":11},"end":{"line":35,"column":55}},"type":"binary-expr","locations":[{"start":{"line":35,"column":11},"end":{"line":35,"column":31}},{"start":{"line":35,"column":35},"end":{"line":35,"column":55}}],"line":35},"4":{"loc":{"start":{"line":45,"column":8},"end":{"line":45,"column":49}},"type":"if","locations":[{"start":{"line":45,"column":8},"end":{"line":45,"column":49}},{"start":{},"end":{}}],"line":45},"5":{"loc":{"start":{"line":54,"column":8},"end":{"line":54,"column":49}},"type":"if","locations":[{"start":{"line":54,"column":8},"end":{"line":54,"column":49}},{"start":{},"end":{}}],"line":54}},"s":{"0":19,"1":18,"2":18,"3":18,"4":18,"5":18,"6":9,"7":0,"8":9,"9":9,"10":4,"11":5,"12":5,"13":4,"14":0,"15":4,"16":4,"17":4,"18":0,"19":4,"20":4,"21":19},"f":{"0":19,"1":18,"2":9,"3":4,"4":4,"5":19},"b":{"0":[0,9],"1":[9,9,9,9],"2":[4,5],"3":[9,7],"4":[0,4],"5":[0,4]},"_coverageSchema":"1a1c01bbd47fc00a2c39e90264f33305004495a9","hash":"373da7f497426d805f4ba05a3f5c9fbbd32d516e"}
,"/home/cameron/dev/mryum-robot/src/utils/validations.ts": {"path":"/home/cameron/dev/mryum-robot/src/utils/validations.ts","statementMap":{"0":{"start":{"line":1,"column":29},"end":{"line":1,"column":81}},"1":{"start":{"line":1,"column":57},"end":{"line":1,"column":81}},"2":{"start":{"line":3,"column":37},"end":{"line":8,"column":1}},"3":{"start":{"line":4,"column":17},"end":{"line":4,"column":37}},"4":{"start":{"line":6,"column":4},"end":{"line":6,"column":47}},"5":{"start":{"line":10,"column":33},"end":{"line":10,"column":107}},"6":{"start":{"line":10,"column":59},"end":{"line":10,"column":107}}},"fnMap":{"0":{"name":"(anonymous_0)","decl":{"start":{"line":1,"column":29},"end":{"line":1,"column":30}},"loc":{"start":{"line":1,"column":57},"end":{"line":1,"column":81}},"line":1},"1":{"name":"(anonymous_1)","decl":{"start":{"line":3,"column":37},"end":{"line":3,"column":38}},"loc":{"start":{"line":3,"column":73},"end":{"line":8,"column":1}},"line":3},"2":{"name":"(anonymous_2)","decl":{"start":{"line":10,"column":33},"end":{"line":10,"column":34}},"loc":{"start":{"line":10,"column":59},"end":{"line":10,"column":107}},"line":10}},"branchMap":{"0":{"loc":{"start":{"line":1,"column":57},"end":{"line":1,"column":81}},"type":"binary-expr","locations":[{"start":{"line":1,"column":57},"end":{"line":1,"column":67}},{"start":{"line":1,"column":71},"end":{"line":1,"column":81}}],"line":1},"1":{"loc":{"start":{"line":6,"column":11},"end":{"line":6,"column":46}},"type":"cond-expr","locations":[{"start":{"line":6,"column":31},"end":{"line":6,"column":40}},{"start":{"line":6,"column":43},"end":{"line":6,"column":46}}],"line":6}},"s":{"0":4,"1":20,"2":4,"3":4,"4":4,"5":4,"6":2},"f":{"0":20,"1":4,"2":2},"b":{"0":[20,18],"1":[0,4]},"_coverageSchema":"1a1c01bbd47fc00a2c39e90264f33305004495a9","hash":"f077dbd0e1f558022f66c2c0df35c8c69d5bcbfd"}
}
