TN:
SF:build/src/cli.js
FN:5,(anonymous_0)
FN:6,(anonymous_1)
FN:18,(anonymous_2)
FN:31,(anonymous_3)
FN:31,(anonymous_4)
FNF:5
FNH:3
FNDA:8,(anonymous_0)
FNDA:4,(anonymous_1)
FNDA:6,(anonymous_2)
FNDA:0,(anonymous_3)
FNDA:0,(anonymous_4)
DA:2,1
DA:3,1
DA:4,1
DA:5,8
DA:6,1
DA:8,4
DA:9,4
DA:11,1
DA:18,1
DA:20,6
DA:21,9
DA:22,9
DA:23,1
DA:24,8
DA:25,0
DA:27,5
DA:29,1
DA:31,1
DA:36,0
DA:38,0
DA:40,0
DA:41,0
DA:43,0
DA:44,0
DA:46,0
DA:47,0
DA:49,0
DA:51,0
DA:54,1
LF:29
LH:18
BRDA:5,0,0,8
BRDA:5,0,1,0
BRDA:9,1,0,4
BRDA:9,1,1,4
BRDA:9,1,2,4
BRDA:22,2,0,1
BRDA:22,2,1,8
BRDA:24,3,0,0
BRDA:24,3,1,8
BRDA:24,4,0,4
BRDA:24,4,1,4
BRDA:36,5,0,0
BRDA:36,5,1,0
BRDA:36,5,2,0
BRDA:36,5,3,0
BRDA:36,5,4,0
BRDA:36,5,5,0
BRDA:38,6,0,0
BRDA:38,6,1,0
BRDA:38,7,0,0
BRDA:38,7,1,0
BRF:21
BRH:9
end_of_record
TN:
SF:build/src/directions.js
FN:10,(anonymous_0)
FN:10,(anonymous_1)
FN:13,(anonymous_2)
FN:19,(anonymous_3)
FN:26,(anonymous_4)
FN:33,(anonymous_5)
FNF:6
FNH:6
FNDA:6,(anonymous_0)
FNDA:12,(anonymous_1)
FNDA:18,(anonymous_2)
FNDA:4,(anonymous_3)
FNDA:4,(anonymous_4)
FNDA:24,(anonymous_5)
DA:2,3
DA:3,3
DA:4,3
DA:10,12
DA:11,3
DA:14,18
DA:15,18
DA:20,4
DA:22,4
DA:23,4
DA:27,4
DA:29,4
DA:30,4
DA:34,24
DA:37,3
LF:15
LH:15
BRDA:10,0,0,6
BRDA:10,0,1,0
BRDA:22,1,0,3
BRDA:22,1,1,1
BRDA:29,2,0,3
BRDA:29,2,1,1
BRF:6
BRH:5
end_of_record
TN:
SF:build/src/robot.js
FN:7,(anonymous_0)
FN:12,(anonymous_1)
FN:19,(anonymous_2)
FN:30,(anonymous_3)
FN:36,(anonymous_4)
FN:42,(anonymous_5)
FNF:6
FNH:6
FNDA:19,(anonymous_0)
FNDA:18,(anonymous_1)
FNDA:9,(anonymous_2)
FNDA:4,(anonymous_3)
FNDA:4,(anonymous_4)
FNDA:19,(anonymous_5)
DA:2,3
DA:3,3
DA:4,3
DA:5,3
DA:10,19
DA:13,18
DA:14,18
DA:15,18
DA:16,18
DA:17,18
DA:20,9
DA:21,3
DA:22,6
DA:24,6
DA:25,2
DA:27,4
DA:28,4
DA:31,4
DA:32,0
DA:33,4
DA:34,4
DA:37,4
DA:38,0
DA:39,4
DA:40,4
DA:43,19
DA:46,3
LF:27
LH:25
BRDA:20,0,0,3
BRDA:20,0,1,6
BRDA:20,1,0,9
BRDA:20,1,1,9
BRDA:20,1,2,6
BRDA:20,1,3,6
BRDA:24,2,0,2
BRDA:24,2,1,4
BRDA:24,3,0,6
BRDA:24,3,1,5
BRDA:31,4,0,0
BRDA:31,4,1,4
BRDA:37,5,0,0
BRDA:37,5,1,4
BRF:14
BRH:12
end_of_record
TN:
SF:build/src/utils/validations.js
FN:4,(anonymous_0)
FN:6,(anonymous_1)
FN:11,(anonymous_2)
FNF:3
FNH:3
FNDA:19,(anonymous_0)
FNDA:8,(anonymous_1)
FNDA:4,(anonymous_2)
DA:2,4
DA:3,4
DA:4,19
DA:5,4
DA:6,4
DA:7,8
DA:8,8
DA:10,4
DA:11,4
DA:12,4
LF:10
LH:10
BRDA:4,0,0,19
BRDA:4,0,1,17
BRDA:8,1,0,0
BRDA:8,1,1,8
BRF:4
BRH:3
end_of_record
TN:
SF:src/cli-validations.ts
FN:5,(anonymous_0)
FN:7,(anonymous_1)
FN:26,(anonymous_2)
FN:43,(anonymous_3)
FN:43,(anonymous_4)
FNF:5
FNH:3
FNDA:4,(anonymous_0)
FNDA:2,(anonymous_1)
FNDA:6,(anonymous_2)
FNDA:0,(anonymous_3)
FNDA:0,(anonymous_4)
DA:5,4
DA:7,1
DA:9,2
DA:11,2
DA:13,2
DA:16,1
DA:26,1
DA:29,6
DA:31,7
DA:33,7
DA:35,6
DA:39,5
DA:43,1
DA:50,0
DA:54,0
DA:56,0
DA:57,0
DA:59,0
DA:60,0
DA:62,0
DA:63,0
DA:65,0
DA:66,0
DA:68,0
DA:70,0
LF:25
LH:13
BRDA:5,0,0,4
BRDA:5,0,1,0
BRDA:11,1,0,0
BRDA:11,1,1,2
BRDA:11,2,0,2
BRDA:11,2,1,2
BRDA:11,2,2,2
BRDA:13,3,0,2
BRDA:13,3,1,2
BRDA:13,3,2,2
BRDA:33,4,0,1
BRDA:33,4,1,6
BRDA:35,5,0,0
BRDA:35,5,1,6
BRDA:35,6,0,2
BRDA:35,6,1,4
BRDA:50,7,0,0
BRDA:50,7,1,0
BRDA:50,7,2,0
BRDA:50,7,3,0
BRDA:50,7,4,0
BRDA:50,7,5,0
BRDA:56,8,0,0
BRDA:56,8,1,0
BRDA:56,9,0,0
BRDA:56,9,1,0
BRF:26
BRH:13
end_of_record
TN:
SF:src/directions.ts
FN:10,(anonymous_0)
FN:10,(anonymous_1)
FN:19,(anonymous_2)
FN:25,(anonymous_3)
FN:35,(anonymous_4)
FN:45,(anonymous_5)
FNF:6
FNH:6
FNDA:9,(anonymous_0)
FNDA:18,(anonymous_1)
FNDA:18,(anonymous_2)
FNDA:4,(anonymous_3)
FNDA:4,(anonymous_4)
FNDA:27,(anonymous_5)
DA:3,3
DA:10,18
DA:14,18
DA:20,18
DA:26,4
DA:29,4
DA:31,4
DA:36,4
DA:39,4
DA:41,4
DA:46,27
LF:11
LH:11
BRDA:10,0,0,9
BRDA:10,0,1,0
BRDA:29,1,0,3
BRDA:29,1,1,1
BRDA:39,2,0,3
BRDA:39,2,1,1
BRF:6
BRH:5
end_of_record
TN:
SF:src/robot.ts
FN:14,(anonymous_0)
FN:16,(anonymous_1)
FN:27,(anonymous_2)
FN:43,(anonymous_3)
FN:52,(anonymous_4)
FN:61,(anonymous_5)
FNF:6
FNH:6
FNDA:19,(anonymous_0)
FNDA:18,(anonymous_1)
FNDA:9,(anonymous_2)
FNDA:4,(anonymous_3)
FNDA:4,(anonymous_4)
FNDA:19,(anonymous_5)
DA:12,19
DA:18,18
DA:20,18
DA:21,18
DA:22,18
DA:24,18
DA:29,9
DA:31,9
DA:35,9
DA:38,5
DA:40,5
DA:45,4
DA:47,4
DA:49,4
DA:54,4
DA:56,4
DA:58,4
DA:62,19
LF:18
LH:18
BRDA:29,0,0,0
BRDA:29,0,1,9
BRDA:29,1,0,9
BRDA:29,1,1,9
BRDA:29,1,2,9
BRDA:29,1,3,9
BRDA:35,2,0,4
BRDA:35,2,1,5
BRDA:35,3,0,9
BRDA:35,3,1,7
BRDA:45,4,0,0
BRDA:45,4,1,4
BRDA:54,5,0,0
BRDA:54,5,1,4
BRF:14
BRH:11
end_of_record
TN:
SF:src/utils/validations.ts
FN:1,(anonymous_0)
FN:3,(anonymous_1)
FN:10,(anonymous_2)
FNF:3
FNH:3
FNDA:20,(anonymous_0)
FNDA:4,(anonymous_1)
FNDA:2,(anonymous_2)
DA:1,20
DA:3,4
DA:4,4
DA:6,4
DA:10,4
LF:5
LH:5
BRDA:1,0,0,20
BRDA:1,0,1,18
BRDA:6,1,0,0
BRDA:6,1,1,4
BRF:4
BRH:3
end_of_record
